# JRE version: Java(TM) SE Runtime Environment (17.0.12+8) (build 17.0.12+8-LTS-286)
# Java VM: Java HotSpot(TM) 64-Bit Server VM (17.0.12+8-LTS-286, mixed mode, sharing, tiered, compressed oops, compressed class ptrs, g1 gc, windows-amd64)
GC Precious Log:
 CPUs: 12 total, 12 available
 Memory: 32440M
 Large Page Support: Disabled
 NUMA Support: Disabled
 Compressed Oops: Enabled (Zero based)
 Heap Region Size: 4M
 Heap Min Capacity: 8M
 Heap Initial Capacity: 508M
 Heap Max Capacity: 8112M
 Pre-touch: Disabled
 Parallel Workers: 10
 Concurrent Workers: 3
 Concurrent Refinement Workers: 10
 Periodic GC: Disabled
Heap:
 garbage-first heap   total 520192K, used 163574K [0x0000000605000000, 0x0000000800000000)
  region size 4096K, 37 young (151552K), 1 survivors (4096K)
 Metaspace       used 15245K, committed 15424K, reserved 1114112K
  class space    used 1842K, committed 1920K, reserved 1048576K
GC Heap History (6 events):
Event: 2.788 GC heap before
{Heap before GC invocations=0 (full 0):
 garbage-first heap   total 520192K, used 20480K [0x0000000605000000, 0x0000000800000000)
  region size 4096K, 6 young (24576K), 0 survivors (0K)
 Metaspace       used 2095K, committed 2240K, reserved 1114112K
  class space    used 199K, committed 256K, reserved 1048576K
}
Event: 2.798 GC heap after
{Heap after GC invocations=1 (full 0):
 garbage-first heap   total 520192K, used 14316K [0x0000000605000000, 0x0000000800000000)
  region size 4096K, 1 young (4096K), 1 survivors (4096K)
 Metaspace       used 2095K, committed 2240K, reserved 1114112K
  class space    used 199K, committed 256K, reserved 1048576K
}
Event: 3.915 GC heap before
{Heap before GC invocations=1 (full 0):
 garbage-first heap   total 520192K, used 30700K [0x0000000605000000, 0x0000000800000000)
  region size 4096K, 6 young (24576K), 1 survivors (4096K)
 Metaspace       used 5505K, committed 5632K, reserved 1114112K
  class space    used 672K, committed 704K, reserved 1048576K
}
Event: 3.918 GC heap after
{Heap after GC invocations=2 (full 0):
 garbage-first heap   total 520192K, used 18236K [0x0000000605000000, 0x0000000800000000)
  region size 4096K, 1 young (4096K), 1 survivors (4096K)
 Metaspace       used 5505K, committed 5632K, reserved 1114112K
  class space    used 672K, committed 704K, reserved 1048576K
}
Event: 5.337 GC heap before
{Heap before GC invocations=2 (full 0):
 garbage-first heap   total 520192K, used 46908K [0x0000000605000000, 0x0000000800000000)
  region size 4096K, 8 young (32768K), 1 survivors (4096K)
 Metaspace       used 10934K, committed 11136K, reserved 1114112K
  class space    used 1294K, committed 1408K, reserved 1048576K
}
Event: 5.342 GC heap after
{Heap after GC invocations=3 (full 0):
 garbage-first heap   total 520192K, used 20214K [0x0000000605000000, 0x0000000800000000)
  region size 4096K, 1 young (4096K), 1 survivors (4096K)
 Metaspace       used 10934K, committed 11136K, reserved 1114112K
  class space    used 1294K, committed 1408K, reserved 1048576K
}

